This file contains any messages produced by compilers while
running configure, to aid debugging if configure makes a mistake.

It was created by libminigui configure 3.0.12, which was
generated by GNU Autoconf 2.69.  Invocation command line was

  $ ./configure --prefix=/docker/opt/dsm/TVT_DVR_HI3535/hi3535_sdk/osdrv/minigui/install CC=arm-hisiv200-linux-gcc --host=arm-hisiv200-linux --disable-pcxvfb --disable-screensaver --disable-splash --disable-jpgsupport --enable-videoqvfb=no --enable-rtosxvfb=no --enable-pcxvfb=no --enable-videohi3535=yes

## --------- ##
## Platform. ##
## --------- ##

hostname = ubuntu18
uname -m = x86_64
uname -r = 4.15.0-143-generic
uname -s = Linux
uname -v = #147-Ubuntu SMP Wed Apr 14 16:10:11 UTC 2021

/usr/bin/uname -p = unknown
/bin/uname -X     = unknown

/bin/arch              = unknown
/usr/bin/arch -k       = unknown
/usr/convex/getsysinfo = unknown
/usr/bin/hostinfo      = unknown
/bin/machine           = unknown
/usr/bin/oslevel       = unknown
/bin/universe          = unknown

PATH: /home/lee/.local/bin
PATH: /docker/opt/harmony/prebuilts/gcc/linux-x86/arm/gcc-arm-none-eabi-7-2017-q4-major/bin
PATH: /home/lee/.local/bin
PATH: /home/lee/llvm/bin
PATH: /home/lee/ninja
PATH: /home/lee/gn
PATH: /home/lee/hc-gen
PATH: /docker/opt/dsm/spksrc/toolchain/syno-hi3535-6.1/work/arm-cortexa9-linux-gnueabi/bin/
PATH: /docker/usr/hisi-linux/x86-arm/hisi-linux-nptl/arm-hisiv100-linux/target/bin
PATH: /docker/usr/hisi-linux/x86-arm/arm-hisiv200-linux/target/bin
PATH: /home/lee/gcc_riscv32/bin
PATH: /docker/usr/opt/FriendlyARM/toolschain/4.4.3/bin
PATH: /docker/usr/bin
PATH: /docker/usr/hisi-linux/x86-arm//arm-hisiv600-linux/bin
PATH: /docker/usr/hisi-linux/x86-arm//arm-himix200-linux/bin
PATH: /usr/local/sbin
PATH: /usr/local/bin
PATH: /usr/sbin
PATH: /usr/bin
PATH: /sbin
PATH: /bin
PATH: /usr/games
PATH: /usr/local/games
PATH: /snap/bin


## ----------- ##
## Core tests. ##
## ----------- ##

configure:2848: checking build system type
configure:2862: result: x86_64-unknown-linux-gnu
configure:2882: checking host system type
configure:2895: result: arm-hisiv200-linux-gnu
configure:2915: checking target system type
configure:2928: result: arm-hisiv200-linux-gnu
configure:2972: checking for a BSD-compatible install
configure:3040: result: /usr/bin/install -c
configure:3051: checking whether build environment is sane
configure:3101: result: yes
configure:3150: checking for arm-hisiv200-linux-strip
configure:3166: found /docker/usr/hisi-linux/x86-arm/arm-hisiv200-linux/target/bin/arm-hisiv200-linux-strip
configure:3177: result: arm-hisiv200-linux-strip
configure:3242: checking for a thread-safe mkdir -p
configure:3281: result: /bin/mkdir -p
configure:3294: checking for gawk
configure:3310: found /usr/bin/gawk
configure:3321: result: gawk
configure:3332: checking whether make sets $(MAKE)
configure:3354: result: yes
configure:3506: checking for style of include used by make
configure:3534: result: GNU
configure:3564: checking for arm-hisiv200-linux-gcc
configure:3591: result: arm-hisiv200-linux-gcc
configure:3860: checking for C compiler version
configure:3869: arm-hisiv200-linux-gcc --version >&5
arm-hisiv200-linux-gcc (Hisilicon_v200(gcc4.4-290+glibc-2.11+eabi+nptl)) 4.4.1
Copyright (C) 2009 Free Software Foundation, Inc.
This is free software; see the source for copying conditions.  There is NO
warranty; not even for MERCHANTABILITY or FITNESS FOR A PARTICULAR PURPOSE.

configure:3880: $? = 0
configure:3869: arm-hisiv200-linux-gcc -v >&5
Using built-in specs.
Target: arm-hisiv200-linux-gnueabi
Configured with: ../gcc-4.4-2010q1/configure --host=i686-pc-linux-gnu --build=i686-pc-linux-gnu --target=arm-hisiv200-linux-gnueabi --prefix=/home/c00132816/toolchain_glibc/install/arm-hisiv200-linux --enable-threads --disable-libmudflap --disable-libssp --disable-libstdcxx-pch --with-arch=armv5te --with-gnu-as --with-gnu-ld --enable-languages=c,c++ --enable-shared --enable-lto --enable-symvers=gnu --enable-__cxa_atexit --disable-nls --enable-extra-hisi-multilibs --with-sysroot=/home/c00132816/toolchain_glibc/install/arm-hisiv200-linux/target --with-build-sysroot=/home/c00132816/toolchain_glibc/install/arm-hisiv200-linux/target --with-gmp=/home/c00132816/toolchain_glibc/install/host_lib --with-mpfr=/home/c00132816/toolchain_glibc/install/host_lib --with-ppl=/home/c00132816/toolchain_glibc/install/host_lib --with-cloog=/home/c00132816/toolchain_glibc/install/host_lib --with-libelf=/home/c00132816/toolchain_glibc/install/host_lib --with-host-libstdcxx='-static-libgcc -Wl,-Bstatic,-lstdc++,-Bstatic -lm' --enable-libgomp --enable-poison-system-directories --with-libelf=/home/c00132816/toolchain_glibc/install/host_lib --with-pkgversion='Hisilicon_v200(gcc4.4-290+glibc-2.11+eabi+nptl)' --with-bugurl=http://www.hisilicon.com/cn/service/claim.html
Thread model: posix
gcc version 4.4.1 (Hisilicon_v200(gcc4.4-290+glibc-2.11+eabi+nptl)) 
configure:3880: $? = 0
configure:3869: arm-hisiv200-linux-gcc -V >&5
arm-hisiv200-linux-gcc: '-V' option must have argument
configure:3880: $? = 1
configure:3869: arm-hisiv200-linux-gcc -qversion >&5
arm-hisiv200-linux-gcc: unrecognized option '-qversion'
arm-hisiv200-linux-gcc: no input files
configure:3880: $? = 1
configure:3900: checking whether the C compiler works
configure:3922: arm-hisiv200-linux-gcc    conftest.c  >&5
configure:3926: $? = 0
configure:3974: result: yes
configure:3977: checking for C compiler default output file name
configure:3979: result: a.out
configure:3985: checking for suffix of executables
configure:3992: arm-hisiv200-linux-gcc -o conftest    conftest.c  >&5
configure:3996: $? = 0
configure:4018: result: 
configure:4040: checking whether we are cross compiling
configure:4048: arm-hisiv200-linux-gcc -o conftest    conftest.c  >&5
configure:4052: $? = 0
configure:4059: ./conftest
/lib/ld-linux.so.3: No such file or directory
configure:4063: $? = 255
configure:4078: result: yes
configure:4083: checking for suffix of object files
configure:4105: arm-hisiv200-linux-gcc -c   conftest.c >&5
configure:4109: $? = 0
configure:4130: result: o
configure:4134: checking whether we are using the GNU C compiler
configure:4153: arm-hisiv200-linux-gcc -c   conftest.c >&5
configure:4153: $? = 0
configure:4162: result: yes
configure:4171: checking whether arm-hisiv200-linux-gcc accepts -g
configure:4191: arm-hisiv200-linux-gcc -c -g  conftest.c >&5
configure:4191: $? = 0
configure:4232: result: yes
configure:4249: checking for arm-hisiv200-linux-gcc option to accept ISO C89
configure:4312: arm-hisiv200-linux-gcc  -c -g -O2  conftest.c >&5
configure:4312: $? = 0
configure:4325: result: none needed
configure:4347: checking dependency style of arm-hisiv200-linux-gcc
configure:4457: result: gcc3
configure:4494: checking for ld used by GCC
configure:4557: result: /docker/usr/hisi-linux/x86-arm/arm-hisiv200-linux/arm-hisiv200-linux-gnueabi/bin/ld
configure:4564: checking if the linker (/docker/usr/hisi-linux/x86-arm/arm-hisiv200-linux/arm-hisiv200-linux-gnueabi/bin/ld) is GNU ld
GNU ld (Hisilicon_v200(gcc4.4-290+glibc2.11+eabi+nptl)) 2.19.51.20090709
configure:4576: result: yes
configure:4581: checking for /docker/usr/hisi-linux/x86-arm/arm-hisiv200-linux/arm-hisiv200-linux-gnueabi/bin/ld option to reload object files
configure:4588: result: -r
configure:4593: checking for BSD-compatible nm
configure:4629: result: /docker/usr/hisi-linux/x86-arm/arm-hisiv200-linux/target/bin/arm-hisiv200-linux-nm -B
configure:4632: checking for a sed that does not truncate output
configure:4714: result: /bin/sed
configure:4717: checking whether ln -s works
configure:4721: result: yes
configure:4728: checking how to recognise dependent libraries
configure:4909: result: file_magic ELF [0-9][0-9]*-bit [LM]SB (shared object|dynamic lib )
configure:4922: checking command to parse /docker/usr/hisi-linux/x86-arm/arm-hisiv200-linux/target/bin/arm-hisiv200-linux-nm -B output
configure:5006: arm-hisiv200-linux-gcc -c -g -O2  conftest.c >&5
configure:5009: $? = 0
configure:5013: /docker/usr/hisi-linux/x86-arm/arm-hisiv200-linux/target/bin/arm-hisiv200-linux-nm -B conftest.o \| sed -n -e 's/^.*[ 	]\([ABCDGISTW][ABCDGISTW]*\)[ 	][ 	]*\(\)\([_A-Za-z][_A-Za-z0-9]*\)$/\1 \2\3 \3/p' \> conftest.nm
configure:5016: $? = 0
configure:5068: arm-hisiv200-linux-gcc -o conftest -g -O2   conftest.c conftstm.o >&5
configure:5071: $? = 0
configure:5115: result: ok
configure:5124: checking how to run the C preprocessor
configure:5155: arm-hisiv200-linux-gcc -E  conftest.c
configure:5155: $? = 0
configure:5169: arm-hisiv200-linux-gcc -E  conftest.c
conftest.c:9: fatal error: ac_nonexistent.h: No such file or directory
compilation terminated.
configure:5169: $? = 1
configure: failed program was:
| /* confdefs.h */
| #define PACKAGE_NAME "libminigui"
| #define PACKAGE_TARNAME "libminigui"
| #define PACKAGE_VERSION "3.0.12"
| #define PACKAGE_STRING "libminigui 3.0.12"
| #define PACKAGE_BUGREPORT ""
| #define PACKAGE_URL ""
| /* end confdefs.h.  */
| #include <ac_nonexistent.h>
configure:5194: result: arm-hisiv200-linux-gcc -E
configure:5214: arm-hisiv200-linux-gcc -E  conftest.c
configure:5214: $? = 0
configure:5228: arm-hisiv200-linux-gcc -E  conftest.c
conftest.c:9: fatal error: ac_nonexistent.h: No such file or directory
compilation terminated.
configure:5228: $? = 1
configure: failed program was:
| /* confdefs.h */
| #define PACKAGE_NAME "libminigui"
| #define PACKAGE_TARNAME "libminigui"
| #define PACKAGE_VERSION "3.0.12"
| #define PACKAGE_STRING "libminigui 3.0.12"
| #define PACKAGE_BUGREPORT ""
| #define PACKAGE_URL ""
| /* end confdefs.h.  */
| #include <ac_nonexistent.h>
configure:5257: checking for grep that handles long lines and -e
configure:5315: result: /bin/grep
configure:5320: checking for egrep
configure:5382: result: /bin/grep -E
configure:5387: checking for ANSI C header files
configure:5407: arm-hisiv200-linux-gcc -c -g -O2  conftest.c >&5
configure:5407: $? = 0
configure:5491: result: yes
configure:5504: checking for sys/types.h
configure:5504: arm-hisiv200-linux-gcc -c -g -O2  conftest.c >&5
configure:5504: $? = 0
configure:5504: result: yes
configure:5504: checking for sys/stat.h
configure:5504: arm-hisiv200-linux-gcc -c -g -O2  conftest.c >&5
configure:5504: $? = 0
configure:5504: result: yes
configure:5504: checking for stdlib.h
configure:5504: arm-hisiv200-linux-gcc -c -g -O2  conftest.c >&5
configure:5504: $? = 0
configure:5504: result: yes
configure:5504: checking for string.h
configure:5504: arm-hisiv200-linux-gcc -c -g -O2  conftest.c >&5
configure:5504: $? = 0
configure:5504: result: yes
configure:5504: checking for memory.h
configure:5504: arm-hisiv200-linux-gcc -c -g -O2  conftest.c >&5
configure:5504: $? = 0
configure:5504: result: yes
configure:5504: checking for strings.h
configure:5504: arm-hisiv200-linux-gcc -c -g -O2  conftest.c >&5
configure:5504: $? = 0
configure:5504: result: yes
configure:5504: checking for inttypes.h
configure:5504: arm-hisiv200-linux-gcc -c -g -O2  conftest.c >&5
configure:5504: $? = 0
configure:5504: result: yes
configure:5504: checking for stdint.h
configure:5504: arm-hisiv200-linux-gcc -c -g -O2  conftest.c >&5
configure:5504: $? = 0
configure:5504: result: yes
configure:5504: checking for unistd.h
configure:5504: arm-hisiv200-linux-gcc -c -g -O2  conftest.c >&5
configure:5504: $? = 0
configure:5504: result: yes
configure:5518: checking dlfcn.h usability
configure:5518: arm-hisiv200-linux-gcc -c -g -O2  conftest.c >&5
configure:5518: $? = 0
configure:5518: result: yes
configure:5518: checking dlfcn.h presence
configure:5518: arm-hisiv200-linux-gcc -E  conftest.c
configure:5518: $? = 0
configure:5518: result: yes
configure:5518: checking for dlfcn.h
configure:5518: result: yes
configure:5537: checking for arm-hisiv200-linux-file
configure:5595: result: no
configure:5601: checking for file
configure:5656: result: /usr/bin/file
configure:5675: checking for arm-hisiv200-linux-ranlib
configure:5691: found /docker/usr/hisi-linux/x86-arm/arm-hisiv200-linux/target/bin/arm-hisiv200-linux-ranlib
configure:5702: result: arm-hisiv200-linux-ranlib
configure:5767: checking for arm-hisiv200-linux-strip
configure:5794: result: arm-hisiv200-linux-strip
configure:6037: checking for objdir
configure:6048: result: .libs
configure:6069: checking for arm-hisiv200-linux-gcc option to produce PIC
configure:6215: result: -fPIC
configure:6219: checking if arm-hisiv200-linux-gcc PIC flag -fPIC works
configure:6237: arm-hisiv200-linux-gcc -c -g -O2 -fPIC -DPIC  conftest.c >&5
configure:6237: $? = 0
configure:6271: result: yes
configure:6291: checking if arm-hisiv200-linux-gcc static flag -static works
configure:6310: arm-hisiv200-linux-gcc -o conftest -g -O2   -static conftest.c  >&5
configure:6310: $? = 0
configure:6322: result: yes
configure:6338: checking if arm-hisiv200-linux-gcc supports -c -o file.o
configure:6358: arm-hisiv200-linux-gcc -c -g -O2 -o out/conftest2.o  conftest.c >&5
configure:6382: result: yes
configure:6387: checking if arm-hisiv200-linux-gcc supports -c -o file.lo
configure:6409: arm-hisiv200-linux-gcc -c -g -O2 -c -o conftest.lo  conftest.c >&5
configure:6409: $? = 0
configure:6426: result: yes
configure:6465: checking if arm-hisiv200-linux-gcc supports -fno-rtti -fno-exceptions
configure:6482: arm-hisiv200-linux-gcc -c -g -O2 -fno-rtti -fno-exceptions -c conftest.c  conftest.c >&5
cc1: warning: command line option "-fno-rtti" is valid for C++/ObjC++ but not for C
cc1: warning: command line option "-fno-rtti" is valid for C++/ObjC++ but not for C
configure:6482: $? = 0
configure:6494: result: no
configure:6509: checking whether the linker (/docker/usr/hisi-linux/x86-arm/arm-hisiv200-linux/arm-hisiv200-linux-gnueabi/bin/ld) supports shared libraries
configure:7204: result: yes
configure:7213: checking how to hardcode library paths into programs
configure:7237: result: immediate
configure:7246: checking whether stripping libraries is possible
configure:7251: result: yes
configure:7266: checking dynamic linker characteristics
configure:7697: result: GNU/Linux ld.so
configure:7706: checking if libtool supports shared libraries
configure:7708: result: yes
configure:7715: checking whether to build shared libraries
configure:7736: result: yes
configure:7743: checking whether to build static libraries
configure:7747: result: yes
configure:8211: checking whether -lc should be explicitly linked in
configure:8219: arm-hisiv200-linux-gcc -c -g -O2  conftest.c >&5
configure:8222: $? = 0
configure:8236: arm-hisiv200-linux-gcc -shared conftest.o  -v -Wl,-soname -Wl,conftest -o conftest 2\>\&1 \| grep  -lc  \>/dev/null 2\>\&1
configure:8239: $? = 0
configure:8252: result: no
configure:8839: checking for arm-hisiv200-linux-gcc
configure:8866: result: arm-hisiv200-linux-gcc
configure:9135: checking for C compiler version
configure:9144: arm-hisiv200-linux-gcc --version >&5
arm-hisiv200-linux-gcc (Hisilicon_v200(gcc4.4-290+glibc-2.11+eabi+nptl)) 4.4.1
Copyright (C) 2009 Free Software Foundation, Inc.
This is free software; see the source for copying conditions.  There is NO
warranty; not even for MERCHANTABILITY or FITNESS FOR A PARTICULAR PURPOSE.

configure:9155: $? = 0
configure:9144: arm-hisiv200-linux-gcc -v >&5
Using built-in specs.
Target: arm-hisiv200-linux-gnueabi
Configured with: ../gcc-4.4-2010q1/configure --host=i686-pc-linux-gnu --build=i686-pc-linux-gnu --target=arm-hisiv200-linux-gnueabi --prefix=/home/c00132816/toolchain_glibc/install/arm-hisiv200-linux --enable-threads --disable-libmudflap --disable-libssp --disable-libstdcxx-pch --with-arch=armv5te --with-gnu-as --with-gnu-ld --enable-languages=c,c++ --enable-shared --enable-lto --enable-symvers=gnu --enable-__cxa_atexit --disable-nls --enable-extra-hisi-multilibs --with-sysroot=/home/c00132816/toolchain_glibc/install/arm-hisiv200-linux/target --with-build-sysroot=/home/c00132816/toolchain_glibc/install/arm-hisiv200-linux/target --with-gmp=/home/c00132816/toolchain_glibc/install/host_lib --with-mpfr=/home/c00132816/toolchain_glibc/install/host_lib --with-ppl=/home/c00132816/toolchain_glibc/install/host_lib --with-cloog=/home/c00132816/toolchain_glibc/install/host_lib --with-libelf=/home/c00132816/toolchain_glibc/install/host_lib --with-host-libstdcxx='-static-libgcc -Wl,-Bstatic,-lstdc++,-Bstatic -lm' --enable-libgomp --enable-poison-system-directories --with-libelf=/home/c00132816/toolchain_glibc/install/host_lib --with-pkgversion='Hisilicon_v200(gcc4.4-290+glibc-2.11+eabi+nptl)' --with-bugurl=http://www.hisilicon.com/cn/service/claim.html
Thread model: posix
gcc version 4.4.1 (Hisilicon_v200(gcc4.4-290+glibc-2.11+eabi+nptl)) 
configure:9155: $? = 0
configure:9144: arm-hisiv200-linux-gcc -V >&5
arm-hisiv200-linux-gcc: '-V' option must have argument
configure:9155: $? = 1
configure:9144: arm-hisiv200-linux-gcc -qversion >&5
arm-hisiv200-linux-gcc: unrecognized option '-qversion'
arm-hisiv200-linux-gcc: no input files
configure:9155: $? = 1
configure:9159: checking whether we are using the GNU C compiler
configure:9187: result: yes
configure:9196: checking whether arm-hisiv200-linux-gcc accepts -g
configure:9257: result: yes
configure:9274: checking for arm-hisiv200-linux-gcc option to accept ISO C89
configure:9350: result: none needed
configure:9372: checking dependency style of arm-hisiv200-linux-gcc
configure:9482: result: gcc3
configure:9508: checking for ld used by GCC
configure:9571: result: /docker/usr/hisi-linux/x86-arm/arm-hisiv200-linux/arm-hisiv200-linux-gnueabi/bin/ld
configure:9578: checking if the linker (/docker/usr/hisi-linux/x86-arm/arm-hisiv200-linux/arm-hisiv200-linux-gnueabi/bin/ld) is GNU ld
configure:9590: result: yes
configure:9598: checking for arm-hisiv200-linux-ranlib
configure:9625: result: arm-hisiv200-linux-ranlib
configure:9688: checking whether ln -s works
configure:9692: result: yes
configure:9699: checking whether make sets $(MAKE)
configure:9721: result: yes
configure:9731: checking for ANSI C header files
configure:9835: result: yes
configure:9846: checking for dirent.h that defines DIR
configure:9865: arm-hisiv200-linux-gcc -c -g -O2  conftest.c >&5
configure:9865: $? = 0
configure:9873: result: yes
configure:9886: checking for library containing opendir
configure:9917: arm-hisiv200-linux-gcc -o conftest -g -O2   conftest.c  >&5
configure:9917: $? = 0
configure:9934: result: none required
configure:10004: checking for sys/types.h
configure:10004: result: yes
configure:10004: checking sys/time.h usability
configure:10004: arm-hisiv200-linux-gcc -c -g -O2  conftest.c >&5
configure:10004: $? = 0
configure:10004: result: yes
configure:10004: checking sys/time.h presence
configure:10004: arm-hisiv200-linux-gcc -E  conftest.c
configure:10004: $? = 0
configure:10004: result: yes
configure:10004: checking for sys/time.h
configure:10004: result: yes
configure:10004: checking termio.h usability
configure:10004: arm-hisiv200-linux-gcc -c -g -O2  conftest.c >&5
configure:10004: $? = 0
configure:10004: result: yes
configure:10004: checking termio.h presence
configure:10004: arm-hisiv200-linux-gcc -E  conftest.c
configure:10004: $? = 0
configure:10004: result: yes
configure:10004: checking for termio.h
configure:10004: result: yes
configure:10004: checking for unistd.h
configure:10004: result: yes
configure:10004: checking math.h usability
configure:10004: arm-hisiv200-linux-gcc -c -g -O2  conftest.c >&5
configure:10004: $? = 0
configure:10004: result: yes
configure:10004: checking math.h presence
configure:10004: arm-hisiv200-linux-gcc -E  conftest.c
configure:10004: $? = 0
configure:10004: result: yes
configure:10004: checking for math.h
configure:10004: result: yes
configure:10004: checking locale.h usability
configure:10004: arm-hisiv200-linux-gcc -c -g -O2  conftest.c >&5
configure:10004: $? = 0
configure:10004: result: yes
configure:10004: checking locale.h presence
configure:10004: arm-hisiv200-linux-gcc -E  conftest.c
configure:10004: $? = 0
configure:10004: result: yes
configure:10004: checking for locale.h
configure:10004: result: yes
configure:10015: checking for an ANSI C-conforming const
configure:10081: arm-hisiv200-linux-gcc -c -g -O2  conftest.c >&5
configure:10081: $? = 0
configure:10088: result: yes
configure:10096: checking for inline
configure:10112: arm-hisiv200-linux-gcc -c -g -O2  conftest.c >&5
configure:10112: $? = 0
configure:10120: result: inline
configure:10138: checking for size_t
configure:10138: arm-hisiv200-linux-gcc -c -g -O2  conftest.c >&5
configure:10138: $? = 0
configure:10138: arm-hisiv200-linux-gcc -c -g -O2  conftest.c >&5
conftest.c: In function 'main':
conftest.c:64: error: expected expression before ')' token
configure:10138: $? = 1
configure: failed program was:
| /* confdefs.h */
| #define PACKAGE_NAME "libminigui"
| #define PACKAGE_TARNAME "libminigui"
| #define PACKAGE_VERSION "3.0.12"
| #define PACKAGE_STRING "libminigui 3.0.12"
| #define PACKAGE_BUGREPORT ""
| #define PACKAGE_URL ""
| #define STDC_HEADERS 1
| #define HAVE_SYS_TYPES_H 1
| #define HAVE_SYS_STAT_H 1
| #define HAVE_STDLIB_H 1
| #define HAVE_STRING_H 1
| #define HAVE_MEMORY_H 1
| #define HAVE_STRINGS_H 1
| #define HAVE_INTTYPES_H 1
| #define HAVE_STDINT_H 1
| #define HAVE_UNISTD_H 1
| #define HAVE_DLFCN_H 1
| #define STDC_HEADERS 1
| #define HAVE_DIRENT_H 1
| #define HAVE_SYS_TYPES_H 1
| #define HAVE_SYS_TIME_H 1
| #define HAVE_TERMIO_H 1
| #define HAVE_UNISTD_H 1
| #define HAVE_MATH_H 1
| #define HAVE_LOCALE_H 1
| /* end confdefs.h.  */
| #include <stdio.h>
| #ifdef HAVE_SYS_TYPES_H
| # include <sys/types.h>
| #endif
| #ifdef HAVE_SYS_STAT_H
| # include <sys/stat.h>
| #endif
| #ifdef STDC_HEADERS
| # include <stdlib.h>
| # include <stddef.h>
| #else
| # ifdef HAVE_STDLIB_H
| #  include <stdlib.h>
| # endif
| #endif
| #ifdef HAVE_STRING_H
| # if !defined STDC_HEADERS && defined HAVE_MEMORY_H
| #  include <memory.h>
| # endif
| # include <string.h>
| #endif
| #ifdef HAVE_STRINGS_H
| # include <strings.h>
| #endif
| #ifdef HAVE_INTTYPES_H
| # include <inttypes.h>
| #endif
| #ifdef HAVE_STDINT_H
| # include <stdint.h>
| #endif
| #ifdef HAVE_UNISTD_H
| # include <unistd.h>
| #endif
| int
| main ()
| {
| if (sizeof ((size_t)))
| 	    return 0;
|   ;
|   return 0;
| }
configure:10138: result: yes
configure:10149: checking whether time.h and sys/time.h may both be included
configure:10169: arm-hisiv200-linux-gcc -c -g -O2  conftest.c >&5
configure:10169: $? = 0
configure:10176: result: yes
configure:10184: checking whether struct tm is in sys/time.h or time.h
configure:10204: arm-hisiv200-linux-gcc -c -g -O2  conftest.c >&5
configure:10204: $? = 0
configure:10211: result: time.h
configure:10222: checking for working alloca.h
configure:10239: arm-hisiv200-linux-gcc -o conftest -g -O2   conftest.c  >&5
configure:10239: $? = 0
configure:10247: result: yes
configure:10255: checking for alloca
configure:10292: arm-hisiv200-linux-gcc -o conftest -g -O2   conftest.c  >&5
configure:10292: $? = 0
configure:10300: result: yes
configure:10406: checking for working memcmp
configure:10459: result: no
configure:10474: checking for stdlib.h
configure:10474: result: yes
configure:10474: checking for unistd.h
configure:10474: result: yes
configure:10474: checking for sys/param.h
configure:10474: arm-hisiv200-linux-gcc -c -g -O2  conftest.c >&5
configure:10474: $? = 0
configure:10474: result: yes
configure:10494: checking for getpagesize
configure:10494: arm-hisiv200-linux-gcc -o conftest -g -O2   conftest.c  >&5
configure:10494: $? = 0
configure:10494: result: yes
configure:10503: checking for working mmap
configure:10662: result: no
configure:10673: checking for vprintf
configure:10673: arm-hisiv200-linux-gcc -o conftest -g -O2   conftest.c  >&5
conftest.c:58: warning: conflicting types for built-in function 'vprintf'
configure:10673: $? = 0
configure:10673: result: yes
configure:10679: checking for _doprnt
configure:10679: arm-hisiv200-linux-gcc -o conftest -g -O2   conftest.c  >&5
/tmp/cc2gHJQD.o: In function `main':
/docker/opt/dsm/TVT_DVR_HI3535/hi3535_sdk/osdrv/minigui/libminigui-3.0.12-linux/conftest.c:70: undefined reference to `_doprnt'
collect2: ld returned 1 exit status
configure:10679: $? = 1
configure: failed program was:
| /* confdefs.h */
| #define PACKAGE_NAME "libminigui"
| #define PACKAGE_TARNAME "libminigui"
| #define PACKAGE_VERSION "3.0.12"
| #define PACKAGE_STRING "libminigui 3.0.12"
| #define PACKAGE_BUGREPORT ""
| #define PACKAGE_URL ""
| #define STDC_HEADERS 1
| #define HAVE_SYS_TYPES_H 1
| #define HAVE_SYS_STAT_H 1
| #define HAVE_STDLIB_H 1
| #define HAVE_STRING_H 1
| #define HAVE_MEMORY_H 1
| #define HAVE_STRINGS_H 1
| #define HAVE_INTTYPES_H 1
| #define HAVE_STDINT_H 1
| #define HAVE_UNISTD_H 1
| #define HAVE_DLFCN_H 1
| #define STDC_HEADERS 1
| #define HAVE_DIRENT_H 1
| #define HAVE_SYS_TYPES_H 1
| #define HAVE_SYS_TIME_H 1
| #define HAVE_TERMIO_H 1
| #define HAVE_UNISTD_H 1
| #define HAVE_MATH_H 1
| #define HAVE_LOCALE_H 1
| #define TIME_WITH_SYS_TIME 1
| #define HAVE_ALLOCA_H 1
| #define HAVE_ALLOCA 1
| #define HAVE_STDLIB_H 1
| #define HAVE_UNISTD_H 1
| #define HAVE_SYS_PARAM_H 1
| #define HAVE_GETPAGESIZE 1
| #define HAVE_VPRINTF 1
| /* end confdefs.h.  */
| /* Define _doprnt to an innocuous variant, in case <limits.h> declares _doprnt.
|    For example, HP-UX 11i <limits.h> declares gettimeofday.  */
| #define _doprnt innocuous__doprnt
| 
| /* System header to define __stub macros and hopefully few prototypes,
|     which can conflict with char _doprnt (); below.
|     Prefer <limits.h> to <assert.h> if __STDC__ is defined, since
|     <limits.h> exists even on freestanding compilers.  */
| 
| #ifdef __STDC__
| # include <limits.h>
| #else
| # include <assert.h>
| #endif
| 
| #undef _doprnt
| 
| /* Override any GCC internal prototype to avoid an error.
|    Use char because int might match the return type of a GCC
|    builtin and then its argument prototype would still apply.  */
| #ifdef __cplusplus
| extern "C"
| #endif
| char _doprnt ();
| /* The GNU C library defines this for functions which it implements
|     to always fail with ENOSYS.  Some functions are actually named
|     something starting with __ and the normal name is an alias.  */
| #if defined __stub__doprnt || defined __stub____doprnt
| choke me
| #endif
| 
| int
| main ()
| {
| return _doprnt ();
|   ;
|   return 0;
| }
configure:10679: result: no
configure:10693: checking for time
configure:10693: arm-hisiv200-linux-gcc -o conftest -g -O2   conftest.c  >&5
configure:10693: $? = 0
configure:10693: result: yes
configure:10693: checking for mktime
configure:10693: arm-hisiv200-linux-gcc -o conftest -g -O2   conftest.c  >&5
configure:10693: $? = 0
configure:10693: result: yes
configure:10693: checking for localtime
configure:10693: arm-hisiv200-linux-gcc -o conftest -g -O2   conftest.c  >&5
configure:10693: $? = 0
configure:10693: result: yes
configure:10693: checking for strdup
configure:10693: arm-hisiv200-linux-gcc -o conftest -g -O2   conftest.c  >&5
conftest.c:62: warning: conflicting types for built-in function 'strdup'
configure:10693: $? = 0
configure:10693: result: yes
configure:10693: checking for strcasecmp
configure:10693: arm-hisiv200-linux-gcc -o conftest -g -O2   conftest.c  >&5
conftest.c:63: warning: conflicting types for built-in function 'strcasecmp'
configure:10693: $? = 0
configure:10693: result: yes
configure:10693: checking for strncasecmp
configure:10693: arm-hisiv200-linux-gcc -o conftest -g -O2   conftest.c  >&5
conftest.c:64: warning: conflicting types for built-in function 'strncasecmp'
configure:10693: $? = 0
configure:10693: result: yes
configure:10693: checking for strerror
configure:10693: arm-hisiv200-linux-gcc -o conftest -g -O2   conftest.c  >&5
configure:10693: $? = 0
configure:10693: result: yes
configure:10693: checking for setlocale
configure:10693: arm-hisiv200-linux-gcc -o conftest -g -O2   conftest.c  >&5
configure:10693: $? = 0
configure:10693: result: yes
configure:10693: checking for getpt
configure:10693: arm-hisiv200-linux-gcc -o conftest -g -O2   conftest.c  >&5
configure:10693: $? = 0
configure:10693: result: yes
configure:11801: checking for FrameBuffer console support
configure:11820: arm-hisiv200-linux-gcc -c -g -O2  conftest.c >&5
configure:11820: $? = 0
configure:11826: result: yes
configure:11836: checking for pci_system_init in -lpciaccess
configure:11861: arm-hisiv200-linux-gcc -o conftest -g -O2   conftest.c -lpciaccess   >&5
/docker/usr/hisi-linux/x86-arm/arm-hisiv200-linux/bin/../lib/gcc/arm-hisiv200-linux-gnueabi/4.4.1/../../../../arm-hisiv200-linux-gnueabi/bin/ld: cannot find -lpciaccess
collect2: ld returned 1 exit status
configure:11861: $? = 1
configure: failed program was:
| /* confdefs.h */
| #define PACKAGE_NAME "libminigui"
| #define PACKAGE_TARNAME "libminigui"
| #define PACKAGE_VERSION "3.0.12"
| #define PACKAGE_STRING "libminigui 3.0.12"
| #define PACKAGE_BUGREPORT ""
| #define PACKAGE_URL ""
| #define STDC_HEADERS 1
| #define HAVE_SYS_TYPES_H 1
| #define HAVE_SYS_STAT_H 1
| #define HAVE_STDLIB_H 1
| #define HAVE_STRING_H 1
| #define HAVE_MEMORY_H 1
| #define HAVE_STRINGS_H 1
| #define HAVE_INTTYPES_H 1
| #define HAVE_STDINT_H 1
| #define HAVE_UNISTD_H 1
| #define HAVE_DLFCN_H 1
| #define STDC_HEADERS 1
| #define HAVE_DIRENT_H 1
| #define HAVE_SYS_TYPES_H 1
| #define HAVE_SYS_TIME_H 1
| #define HAVE_TERMIO_H 1
| #define HAVE_UNISTD_H 1
| #define HAVE_MATH_H 1
| #define HAVE_LOCALE_H 1
| #define TIME_WITH_SYS_TIME 1
| #define HAVE_ALLOCA_H 1
| #define HAVE_ALLOCA 1
| #define HAVE_STDLIB_H 1
| #define HAVE_UNISTD_H 1
| #define HAVE_SYS_PARAM_H 1
| #define HAVE_GETPAGESIZE 1
| #define HAVE_VPRINTF 1
| #define HAVE_TIME 1
| #define HAVE_MKTIME 1
| #define HAVE_LOCALTIME 1
| #define HAVE_STRDUP 1
| #define HAVE_STRCASECMP 1
| #define HAVE_STRNCASECMP 1
| #define HAVE_STRERROR 1
| #define HAVE_SETLOCALE 1
| #define HAVE_GETPT 1
| #define _MGGAL_DUMMY 1
| #define _MGGAL_FBCON 1
| /* end confdefs.h.  */
| 
| /* Override any GCC internal prototype to avoid an error.
|    Use char because int might match the return type of a GCC
|    builtin and then its argument prototype would still apply.  */
| #ifdef __cplusplus
| extern "C"
| #endif
| char pci_system_init ();
| int
| main ()
| {
| return pci_system_init ();
|   ;
|   return 0;
| }
configure:11870: result: no
configure:12464: checking for pthread library
configure:12486: arm-hisiv200-linux-gcc -o conftest -g -O2   conftest.c  >&5
configure:12486: $? = 0
configure:12488: result: yes
configure:12545: checking for png_check_sig in -lpng
configure:12570: arm-hisiv200-linux-gcc -o conftest -g -O2   conftest.c -lpng -lz -lm  >&5
/docker/usr/hisi-linux/x86-arm/arm-hisiv200-linux/bin/../lib/gcc/arm-hisiv200-linux-gnueabi/4.4.1/../../../../arm-hisiv200-linux-gnueabi/bin/ld: cannot find -lpng
collect2: ld returned 1 exit status
configure:12570: $? = 1
configure: failed program was:
| /* confdefs.h */
| #define PACKAGE_NAME "libminigui"
| #define PACKAGE_TARNAME "libminigui"
| #define PACKAGE_VERSION "3.0.12"
| #define PACKAGE_STRING "libminigui 3.0.12"
| #define PACKAGE_BUGREPORT ""
| #define PACKAGE_URL ""
| #define STDC_HEADERS 1
| #define HAVE_SYS_TYPES_H 1
| #define HAVE_SYS_STAT_H 1
| #define HAVE_STDLIB_H 1
| #define HAVE_STRING_H 1
| #define HAVE_MEMORY_H 1
| #define HAVE_STRINGS_H 1
| #define HAVE_INTTYPES_H 1
| #define HAVE_STDINT_H 1
| #define HAVE_UNISTD_H 1
| #define HAVE_DLFCN_H 1
| #define STDC_HEADERS 1
| #define HAVE_DIRENT_H 1
| #define HAVE_SYS_TYPES_H 1
| #define HAVE_SYS_TIME_H 1
| #define HAVE_TERMIO_H 1
| #define HAVE_UNISTD_H 1
| #define HAVE_MATH_H 1
| #define HAVE_LOCALE_H 1
| #define TIME_WITH_SYS_TIME 1
| #define HAVE_ALLOCA_H 1
| #define HAVE_ALLOCA 1
| #define HAVE_STDLIB_H 1
| #define HAVE_UNISTD_H 1
| #define HAVE_SYS_PARAM_H 1
| #define HAVE_GETPAGESIZE 1
| #define HAVE_VPRINTF 1
| #define HAVE_TIME 1
| #define HAVE_MKTIME 1
| #define HAVE_LOCALTIME 1
| #define HAVE_STRDUP 1
| #define HAVE_STRCASECMP 1
| #define HAVE_STRNCASECMP 1
| #define HAVE_STRERROR 1
| #define HAVE_SETLOCALE 1
| #define HAVE_GETPT 1
| #define _MGGAL_DUMMY 1
| #define _MGGAL_FBCON 1
| /* end confdefs.h.  */
| 
| /* Override any GCC internal prototype to avoid an error.
|    Use char because int might match the return type of a GCC
|    builtin and then its argument prototype would still apply.  */
| #ifdef __cplusplus
| extern "C"
| #endif
| char png_check_sig ();
| int
| main ()
| {
| return png_check_sig ();
|   ;
|   return 0;
| }
configure:12579: result: no
configure:12972: checking for pow in -lm
configure:12997: arm-hisiv200-linux-gcc -o conftest -g -O2 -D_WITH_TARGET_NONE -D__MINIGUI_LIB__ -D_REENTRANT   conftest.c -lm   >&5
conftest.c:67: warning: conflicting types for built-in function 'pow'
configure:12997: $? = 0
configure:13006: result: yes
configure:14217: creating ./config.status

## ---------------------- ##
## Running config.status. ##
## ---------------------- ##

This file was extended by libminigui config.status 3.0.12, which was
generated by GNU Autoconf 2.69.  Invocation command line was

  CONFIG_FILES    = 
  CONFIG_HEADERS  = 
  CONFIG_LINKS    = 
  CONFIG_COMMANDS = 
  $ ./config.status 

on ubuntu18

config.status:1090: creating minigui.pc
config.status:1090: creating Makefile
config.status:1090: creating cmake/Makefile
config.status:1090: creating src/Makefile
config.status:1090: creating src/control/Makefile
config.status:1090: creating src/ex_ctrl/Makefile
config.status:1090: creating src/font/Makefile
config.status:1090: creating src/font/in-core/Makefile
config.status:1090: creating src/newgal/Makefile
config.status:1090: creating src/newgal/fbcon/Makefile
config.status:1090: creating src/newgal/qvfb/Makefile
config.status:1090: creating src/newgal/pcxvfb/Makefile
config.status:1090: creating src/newgal/wvfb/Makefile
config.status:1090: creating src/newgal/commlcd/Makefile
config.status:1090: creating src/newgal/shadow/Makefile
config.status:1090: creating src/newgal/mlshadow/Makefile
config.status:1090: creating src/newgal/em86gfx/Makefile
config.status:1090: creating src/newgal/em85xxyuv/Makefile
config.status:1090: creating src/newgal/em85xxosd/Makefile
config.status:1090: creating src/newgal/dummy/Makefile
config.status:1090: creating src/newgal/svpxxosd/Makefile
config.status:1090: creating src/newgal/bf533/Makefile
config.status:1090: creating src/newgal/mb93493/Makefile
config.status:1090: creating src/newgal/utpmc/Makefile
config.status:1090: creating src/newgal/dfb/Makefile
config.status:1090: creating src/newgal/hisi/Makefile
config.status:1090: creating src/newgal/rtos_xvfb/Makefile
config.status:1090: creating src/newgal/nexus/Makefile
config.status:1090: creating src/newgal/s3c6410/Makefile
config.status:1090: creating src/newgal/sigma8654/Makefile
config.status:1090: creating src/newgal/mstar/Makefile
config.status:1090: creating src/newgal/gdl/Makefile
config.status:1090: creating src/newgal/stgfb/Makefile
config.status:1090: creating src/ial/Makefile
config.status:1090: creating src/ial/native/Makefile
config.status:1090: creating src/ial/netial/Makefile
config.status:1090: creating src/ial/nexusial/Makefile
config.status:1090: creating src/ial/dlcustom/Makefile
config.status:1090: creating src/mybmp/Makefile
config.status:1090: creating src/newgdi/Makefile
config.status:1090: creating src/gui/Makefile
config.status:1090: creating src/libc/Makefile
config.status:1090: creating src/misc/Makefile
config.status:1090: creating src/main/Makefile
config.status:1090: creating src/kernel/Makefile
config.status:1090: creating src/server/Makefile
config.status:1090: creating src/client/Makefile
config.status:1090: creating src/standalone/Makefile
config.status:1090: creating src/sysres/Makefile
config.status:1090: creating src/sysres/bmp/Makefile
config.status:1090: creating src/sysres/icon/Makefile
config.status:1090: creating src/sysres/font/Makefile
config.status:1090: creating src/sysres/cursor/Makefile
config.status:1090: creating src/sysres/license/Makefile
config.status:1090: creating src/sysres/license/c_files/Makefile
config.status:1090: creating src/include/Makefile
config.status:1090: creating src/textedit/Makefile
config.status:1090: creating include/Makefile
config.status:1090: creating include/ctrl/Makefile
config.status:1090: creating rtos/Makefile
config.status:1090: creating etc/Makefile
config.status:1090: creating 3rd-party/Makefile
config.status:1090: creating 3rd-party/scripteasy/Makefile
config.status:1090: creating m4/Makefile
config.status:1090: creating build/Makefile
config.status:1090: creating mgconfig.h
config.status:1319: executing depfiles commands
configure:15595: WARNING: unrecognized options: --enable-videohi3535

## ---------------- ##
## Cache variables. ##
## ---------------- ##

ac_cv_build=x86_64-unknown-linux-gnu
ac_cv_c_compiler_gnu=yes
ac_cv_c_const=yes
ac_cv_c_inline=inline
ac_cv_env_CC_set=set
ac_cv_env_CC_value=arm-hisiv200-linux-gcc
ac_cv_env_CFLAGS_set=
ac_cv_env_CFLAGS_value=
ac_cv_env_CPPFLAGS_set=
ac_cv_env_CPPFLAGS_value=
ac_cv_env_CPP_set=
ac_cv_env_CPP_value=
ac_cv_env_LDFLAGS_set=
ac_cv_env_LDFLAGS_value=
ac_cv_env_LIBS_set=
ac_cv_env_LIBS_value=
ac_cv_env_build_alias_set=
ac_cv_env_build_alias_value=
ac_cv_env_host_alias_set=set
ac_cv_env_host_alias_value=arm-hisiv200-linux
ac_cv_env_target_alias_set=
ac_cv_env_target_alias_value=
ac_cv_func__doprnt=no
ac_cv_func_alloca_works=yes
ac_cv_func_getpagesize=yes
ac_cv_func_getpt=yes
ac_cv_func_localtime=yes
ac_cv_func_memcmp_working=no
ac_cv_func_mktime=yes
ac_cv_func_mmap_fixed_mapped=no
ac_cv_func_setlocale=yes
ac_cv_func_strcasecmp=yes
ac_cv_func_strdup=yes
ac_cv_func_strerror=yes
ac_cv_func_strncasecmp=yes
ac_cv_func_time=yes
ac_cv_func_vprintf=yes
ac_cv_header_dirent_dirent_h=yes
ac_cv_header_dlfcn_h=yes
ac_cv_header_inttypes_h=yes
ac_cv_header_locale_h=yes
ac_cv_header_math_h=yes
ac_cv_header_memory_h=yes
ac_cv_header_stdc=yes
ac_cv_header_stdint_h=yes
ac_cv_header_stdlib_h=yes
ac_cv_header_string_h=yes
ac_cv_header_strings_h=yes
ac_cv_header_sys_param_h=yes
ac_cv_header_sys_stat_h=yes
ac_cv_header_sys_time_h=yes
ac_cv_header_sys_types_h=yes
ac_cv_header_termio_h=yes
ac_cv_header_time=yes
ac_cv_header_unistd_h=yes
ac_cv_host=arm-hisiv200-linux-gnu
ac_cv_lib_m_pow=yes
ac_cv_lib_pciaccess_pci_system_init=no
ac_cv_lib_png_png_check_sig=no
ac_cv_objext=o
ac_cv_path_EGREP='/bin/grep -E'
ac_cv_path_GREP=/bin/grep
ac_cv_path_install='/usr/bin/install -c'
ac_cv_path_mkdir=/bin/mkdir
ac_cv_prog_AWK=gawk
ac_cv_prog_CC=arm-hisiv200-linux-gcc
ac_cv_prog_CPP='arm-hisiv200-linux-gcc -E'
ac_cv_prog_RANLIB=arm-hisiv200-linux-ranlib
ac_cv_prog_STRIP=arm-hisiv200-linux-strip
ac_cv_prog_cc_c89=
ac_cv_prog_cc_g=yes
ac_cv_prog_make_make_set=yes
ac_cv_search_opendir='none required'
ac_cv_struct_tm=time.h
ac_cv_target=arm-hisiv200-linux-gnu
ac_cv_type_size_t=yes
ac_cv_working_alloca_h=yes
am_cv_CC_dependencies_compiler_type=gcc3
lt_cv_archive_cmds_need_lc=no
lt_cv_compiler_c_o=yes
lt_cv_compiler_o_lo=yes
lt_cv_deplibs_check_method='file_magic ELF [0-9][0-9]*-bit [LM]SB (shared object|dynamic lib )'
lt_cv_file_magic_cmd='$MAGIC_CMD'
lt_cv_file_magic_test_file='/lib/libc.so* /lib/libc-*.so'
lt_cv_global_symbol_to_c_name_address='sed -n -e '\''s/^: \([^ ]*\) $/  {\"\1\", (lt_ptr) 0},/p'\'' -e '\''s/^[BCDEGRST] \([^ ]*\) \([^ ]*\)$/  {"\2", (lt_ptr) \&\2},/p'\'''
lt_cv_global_symbol_to_cdecl='sed -n -e '\''s/^. .* \(.*\)$/extern char \1;/p'\'''
lt_cv_ld_reload_flag=-r
lt_cv_path_LD=/docker/usr/hisi-linux/x86-arm/arm-hisiv200-linux/arm-hisiv200-linux-gnueabi/bin/ld
lt_cv_path_MAGIC_CMD=/usr/bin/file
lt_cv_path_NM='/docker/usr/hisi-linux/x86-arm/arm-hisiv200-linux/target/bin/arm-hisiv200-linux-nm -B'
lt_cv_path_SED=/bin/sed
lt_cv_prog_cc_can_build_shared=yes
lt_cv_prog_cc_no_builtin=
lt_cv_prog_cc_pic=' -fPIC'
lt_cv_prog_cc_pic_works=yes
lt_cv_prog_cc_shlib=
lt_cv_prog_cc_static=-static
lt_cv_prog_cc_static_works=yes
lt_cv_prog_cc_wl=-Wl,
lt_cv_prog_gnu_ld=yes
lt_cv_sys_global_symbol_pipe='sed -n -e '\''s/^.*[ 	]\([ABCDGISTW][ABCDGISTW]*\)[ 	][ 	]*\(\)\([_A-Za-z][_A-Za-z0-9]*\)$/\1 \2\3 \3/p'\'''

## ----------------- ##
## Output variables. ##
## ----------------- ##

ACLOCAL='${SHELL} /docker/opt/dsm/TVT_DVR_HI3535/hi3535_sdk/osdrv/minigui/libminigui-3.0.12-linux/missing --run aclocal-1.11'
ALLOCA=''
AMDEPBACKSLASH='\'
AMDEP_FALSE='#'
AMDEP_TRUE=''
AMTAR='${SHELL} /docker/opt/dsm/TVT_DVR_HI3535/hi3535_sdk/osdrv/minigui/libminigui-3.0.12-linux/missing --run tar'
AUTOCONF='${SHELL} /docker/opt/dsm/TVT_DVR_HI3535/hi3535_sdk/osdrv/minigui/libminigui-3.0.12-linux/missing --run autoconf'
AUTOHEADER='${SHELL} /docker/opt/dsm/TVT_DVR_HI3535/hi3535_sdk/osdrv/minigui/libminigui-3.0.12-linux/missing --run autoheader'
AUTOMAKE='${SHELL} /docker/opt/dsm/TVT_DVR_HI3535/hi3535_sdk/osdrv/minigui/libminigui-3.0.12-linux/missing --run automake-1.11'
AWK='gawk'
CC='arm-hisiv200-linux-gcc'
CCDEPMODE='depmode=gcc3'
CFLAGS='-g -O2 -D_WITH_TARGET_NONE -D__MINIGUI_LIB__ -D_REENTRANT -Wall -Wstrict-prototypes -pipe -D_GNU_SOURCE'
CPP='arm-hisiv200-linux-gcc -E'
CPPFLAGS=''
CYGPATH_W='echo'
DEFS='-DHAVE_CONFIG_H'
DEPDIR='.deps'
ECHO='echo'
ECHO_C=''
ECHO_N='-n'
ECHO_T=''
EGREP='/bin/grep -E'
EXEEXT=''
FT1_INC_DIR=''
FT2_INC_DIR=''
GREP='/bin/grep'
INSTALL_DATA='${INSTALL} -m 644'
INSTALL_PROGRAM='${INSTALL}'
INSTALL_SCRIPT='${INSTALL}'
INSTALL_STRIP_PROGRAM='$(install_sh) -c -s'
LDFLAGS=''
LIBOBJS=' ${LIBOBJDIR}memcmp$U.o'
LIBS=''
LIBTOOL='$(SHELL) $(top_builddir)/libtool'
LN_S='ln -s'
LTLIBOBJS=' ${LIBOBJDIR}memcmp$U.lo'
LT_AGE='0'
LT_CURRENT='12'
LT_RELEASE='3.0'
LT_REVISION='0'
MAKEINFO='${SHELL} /docker/opt/dsm/TVT_DVR_HI3535/hi3535_sdk/osdrv/minigui/libminigui-3.0.12-linux/missing --run makeinfo'
MGFONT_SEF_FALSE=''
MGFONT_SEF_TRUE='#'
MGIAL_CONSOLE_FALSE='#'
MGIAL_CONSOLE_TRUE=''
MGIAL_CUSTOM_FALSE=''
MGIAL_CUSTOM_TRUE='#'
MGIAL_DLCUSTOM_FALSE='#'
MGIAL_DLCUSTOM_TRUE=''
MGIAL_NET_FALSE=''
MGIAL_NET_TRUE='#'
MGIAL_NEXUS_FALSE=''
MGIAL_NEXUS_TRUE='#'
MGLIB_MVFB_FALSE=''
MGLIB_MVFB_TRUE='#'
MGLIB_SUFFIX='ths'
MGRM_PROCESSES_FALSE=''
MGRM_PROCESSES_TRUE='#'
MGRM_STANDALONE_FALSE=''
MGRM_STANDALONE_TRUE='#'
MGUSE_OWN_PTHREAD_FALSE=''
MGUSE_OWN_PTHREAD_TRUE='#'
MG_ENABLE_SCREENSAVER_FALSE=''
MG_ENABLE_SCREENSAVER_TRUE='#'
MG_ENABLE_SPLASH_FALSE=''
MG_ENABLE_SPLASH_TRUE='#'
MG_MINIMALGDI_FALSE=''
MG_MINIMALGDI_TRUE='#'
MINIGUI_INCLUDE_LIST=''
MINIGUI_LIBRARIES_LIST=' -ldl -lm -lpthread'
MKDIR_P='/bin/mkdir -p'
MiniGUI_BINARY_AGE='0'
MiniGUI_INTERFACE_AGE='0'
MiniGUI_MAJOR_VERSION='3'
MiniGUI_MICRO_VERSION='12'
MiniGUI_MINOR_VERSION='0'
MiniGUI_VERSION='3.0.12'
NEXUS_INCLUDEDIR=''
NEXUS_LIBDIR=''
OBJEXT='o'
PACKAGE='libminigui'
PACKAGE_BUGREPORT=''
PACKAGE_NAME='libminigui'
PACKAGE_STRING='libminigui 3.0.12'
PACKAGE_TARNAME='libminigui'
PACKAGE_URL=''
PACKAGE_VERSION='3.0.12'
PATH_SEPARATOR=':'
RANLIB='arm-hisiv200-linux-ranlib'
SET_MAKE=''
SHELL='/bin/sh'
STRIP='arm-hisiv200-linux-strip'
SYSTEM_LIBS=' -ldl -lm -lpthread'
UCOSII_FALSE=''
UCOSII_TRUE='#'
VERSION='3.0.12'
VIDEO_DRIVERS=' dummy/libvideo_null.la fbcon/libvideo_fbcon.la'
VIDEO_SUBDIRS=' dummy fbcon'
ac_ct_CC=''
am__EXEEXT_FALSE=''
am__EXEEXT_TRUE='#'
am__fastdepCC_FALSE='#'
am__fastdepCC_TRUE=''
am__include='include'
am__isrc=''
am__leading_dot='.'
am__quote=''
am__tar='${AMTAR} chof - "$$tardir"'
am__untar='${AMTAR} xf -'
bindir='${exec_prefix}/bin'
build='x86_64-unknown-linux-gnu'
build_alias=''
build_cpu='x86_64'
build_os='linux-gnu'
build_vendor='unknown'
datadir='${datarootdir}'
datarootdir='${prefix}/share'
docdir='${datarootdir}/doc/${PACKAGE_TARNAME}'
dvidir='${docdir}'
exec_prefix='${prefix}'
host='arm-hisiv200-linux-gnu'
host_alias='arm-hisiv200-linux'
host_cpu='arm'
host_os='linux-gnu'
host_vendor='hisiv200'
htmldir='${docdir}'
includedir='${prefix}/include'
infodir='${datarootdir}/info'
install_sh='${SHELL} /docker/opt/dsm/TVT_DVR_HI3535/hi3535_sdk/osdrv/minigui/libminigui-3.0.12-linux/install-sh'
libdir='${exec_prefix}/lib'
libexecdir='${exec_prefix}/libexec'
localedir='${datarootdir}/locale'
localstatedir='${prefix}/var'
mandir='${datarootdir}/man'
mkdir_p='/bin/mkdir -p'
oldincludedir='/usr/include'
pdfdir='${docdir}'
prefix='/docker/opt/dsm/TVT_DVR_HI3535/hi3535_sdk/osdrv/minigui/install'
program_transform_name='s,x,x,'
psdir='${docdir}'
runstatedir='${localstatedir}/run'
sbindir='${exec_prefix}/sbin'
sharedstatedir='${prefix}/com'
sysconfdir='${prefix}/etc'
target='arm-hisiv200-linux-gnu'
target_alias=''
target_cpu='arm'
target_os='linux-gnu'
target_vendor='hisiv200'

configure: exit 0
