This file contains any messages produced by compilers while
running configure, to aid debugging if configure makes a mistake.

It was created by configure, which was
generated by GNU Autoconf 2.65.  Invocation command line was

  $ ./configure --prefix=/docker/opt/dsm/TVT_DVR_HI3535/hi3535_sdk/osdrv/minigui/install CC=arm-hisiv200-linux-gcc --host=arm-hisiv200-linux

## --------- ##
## Platform. ##
## --------- ##

hostname = ubuntu18
uname -m = x86_64
uname -r = 4.15.0-143-generic
uname -s = Linux
uname -v = #147-Ubuntu SMP Wed Apr 14 16:10:11 UTC 2021

/usr/bin/uname -p = unknown
/bin/uname -X     = unknown

/bin/arch              = unknown
/usr/bin/arch -k       = unknown
/usr/convex/getsysinfo = unknown
/usr/bin/hostinfo      = unknown
/bin/machine           = unknown
/usr/bin/oslevel       = unknown
/bin/universe          = unknown

PATH: /home/lee/.local/bin
PATH: /docker/opt/harmony/prebuilts/gcc/linux-x86/arm/gcc-arm-none-eabi-7-2017-q4-major/bin
PATH: /home/lee/.local/bin
PATH: /home/lee/llvm/bin
PATH: /home/lee/ninja
PATH: /home/lee/gn
PATH: /home/lee/hc-gen
PATH: /docker/opt/dsm/spksrc/toolchain/syno-hi3535-6.1/work/arm-cortexa9-linux-gnueabi/bin/
PATH: /docker/usr/hisi-linux/x86-arm/hisi-linux-nptl/arm-hisiv100-linux/target/bin
PATH: /docker/usr/hisi-linux/x86-arm/arm-hisiv200-linux/target/bin
PATH: /home/lee/gcc_riscv32/bin
PATH: /docker/usr/opt/FriendlyARM/toolschain/4.4.3/bin
PATH: /docker/usr/bin
PATH: /docker/usr/hisi-linux/x86-arm//arm-hisiv600-linux/bin
PATH: /docker/usr/hisi-linux/x86-arm//arm-himix200-linux/bin
PATH: /usr/local/sbin
PATH: /usr/local/bin
PATH: /usr/sbin
PATH: /usr/bin
PATH: /sbin
PATH: /bin
PATH: /usr/games
PATH: /usr/local/games
PATH: /snap/bin


## ----------- ##
## Core tests. ##
## ----------- ##

configure:1671: checking whether make sets $(MAKE)
configure:1693: result: yes
configure:1703: checking for font/this_is_svn
configure:1716: result: no
configure:1726: checking for font/fmsong-latin-gb18030-12.upf
configure:1739: result: no
configure:1748: checking for font/fmkai-latin-gb2312-20.upf
configure:1761: result: no
configure:1770: checking for font/fmkai-latin-gb2312-16.upf
configure:1783: result: yes
configure:1841: checking for a BSD-compatible install
configure:1909: result: /usr/bin/install -c
configure:1920: checking whether build environment is sane
configure:1970: result: yes
configure:2019: checking for arm-hisiv200-linux-strip
configure:2035: found /docker/usr/hisi-linux/x86-arm/arm-hisiv200-linux/target/bin/arm-hisiv200-linux-strip
configure:2046: result: arm-hisiv200-linux-strip
configure:2111: checking for a thread-safe mkdir -p
configure:2150: result: /bin/mkdir -p
configure:2163: checking for gawk
configure:2179: found /usr/bin/gawk
configure:2190: result: gawk
configure:2639: creating ./config.status

## ---------------------- ##
## Running config.status. ##
## ---------------------- ##

This file was extended by config.status, which was
generated by GNU Autoconf 2.65.  Invocation command line was

  CONFIG_FILES    = 
  CONFIG_HEADERS  = 
  CONFIG_LINKS    = 
  CONFIG_COMMANDS = 
  $ ./config.status 

on ubuntu18

config.status:751: creating Makefile
config.status:751: creating bmp/Makefile
config.status:751: creating cursor/Makefile
config.status:751: creating font/Makefile
config.status:751: creating icon/Makefile

## ---------------- ##
## Cache variables. ##
## ---------------- ##

ac_cv_env_build_alias_set=
ac_cv_env_build_alias_value=
ac_cv_env_host_alias_set=set
ac_cv_env_host_alias_value=arm-hisiv200-linux
ac_cv_env_target_alias_set=
ac_cv_env_target_alias_value=
ac_cv_file_font_fmkai_latin_gb2312_16_upf=yes
ac_cv_file_font_fmkai_latin_gb2312_20_upf=no
ac_cv_file_font_fmsong_latin_gb18030_12_upf=no
ac_cv_file_font_this_is_svn=no
ac_cv_path_install='/usr/bin/install -c'
ac_cv_path_mkdir=/bin/mkdir
ac_cv_prog_AWK=gawk
ac_cv_prog_STRIP=arm-hisiv200-linux-strip
ac_cv_prog_make_make_set=yes

## ----------------- ##
## Output variables. ##
## ----------------- ##

ACLOCAL='${SHELL} /docker/opt/dsm/TVT_DVR_HI3535/hi3535_sdk/osdrv/minigui/minigui-res-be-3.0.12/missing --run aclocal-1.11'
AMTAR='${SHELL} /docker/opt/dsm/TVT_DVR_HI3535/hi3535_sdk/osdrv/minigui/minigui-res-be-3.0.12/missing --run tar'
AUTOCONF='${SHELL} /docker/opt/dsm/TVT_DVR_HI3535/hi3535_sdk/osdrv/minigui/minigui-res-be-3.0.12/missing --run autoconf'
AUTOHEADER='${SHELL} /docker/opt/dsm/TVT_DVR_HI3535/hi3535_sdk/osdrv/minigui/minigui-res-be-3.0.12/missing --run autoheader'
AUTOMAKE='${SHELL} /docker/opt/dsm/TVT_DVR_HI3535/hi3535_sdk/osdrv/minigui/minigui-res-be-3.0.12/missing --run automake-1.11'
AWK='gawk'
CYGPATH_W='echo'
DEFS='-DPACKAGE_NAME=\"\" -DPACKAGE_TARNAME=\"\" -DPACKAGE_VERSION=\"\" -DPACKAGE_STRING=\"\" -DPACKAGE_BUGREPORT=\"\" -DPACKAGE_URL=\"\" -DPACKAGE=\"minigui-res-be\" -DVERSION=\"3.0.12\"'
DEV_FONTS='6x12-iso8859-1.bin 8x16-iso8859-1.bin song-12-gb2312.bin song-16-gb2312.bin Courier-rr-10-15.vbf Courier-rr-8-13.vbf Helvetica-rr-11-12.vbf Helvetica-rr-15-16.vbf Times-rr-10-12.vbf Times-rr-13-15.vbf courier-mr-8.upf courier-mr-10.upf courier-mr-12.upf courier-mr-14.upf courier-mr-18.upf courier-mr-24.upf helvetica-mr-8.upf helvetica-mr-10.upf helvetica-mr-12.upf helvetica-mr-14.upf helvetica-mr-18.upf helvetica-mr-24.upf lucida-mr-8.upf lucida-mr-10.upf lucida-mr-12.upf lucida-mr-14.upf lucida-mr-18.upf lucida-mr-19.upf lucida-mr-24.upf times-mr-8.upf times-mr-10.upf times-mr-12.upf times-mr-14.upf times-mr-18.upf times-mr-24.upf micro_40_50.upf smoothtimes_100_50.upf fmkai-latin-gb2312-12.upf fmkai-latin-gb2312-16.upf fmfsong-latin-gb2312-12.upf fmfsong-latin-gb2312-16.upf fmsong-latin-gbk-12.upf fmsong-latin-gbk-16.upf fmhei-latin-gbk-16.upf unifont_160_50.upf'
ECHO_C=''
ECHO_N='-n'
ECHO_T=''
INSTALL_DATA='${INSTALL} -m 644'
INSTALL_PROGRAM='${INSTALL}'
INSTALL_SCRIPT='${INSTALL}'
INSTALL_STRIP_PROGRAM='$(install_sh) -c -s'
LIBOBJS=''
LIBS=''
LTLIBOBJS=''
MAKEINFO='${SHELL} /docker/opt/dsm/TVT_DVR_HI3535/hi3535_sdk/osdrv/minigui/minigui-res-be-3.0.12/missing --run makeinfo'
MKDIR_P='/bin/mkdir -p'
PACKAGE='minigui-res-be'
PACKAGE_BUGREPORT=''
PACKAGE_NAME=''
PACKAGE_STRING=''
PACKAGE_TARNAME=''
PACKAGE_URL=''
PACKAGE_VERSION=''
PATH_SEPARATOR=':'
SET_MAKE=''
SHELL='/bin/sh'
STRIP='arm-hisiv200-linux-strip'
VERSION='3.0.12'
am__isrc=''
am__leading_dot='.'
am__tar='${AMTAR} chof - "$$tardir"'
am__untar='${AMTAR} xf -'
bindir='${exec_prefix}/bin'
build_alias=''
datadir='${datarootdir}'
datarootdir='${prefix}/share'
docdir='${datarootdir}/doc/${PACKAGE}'
dvidir='${docdir}'
exec_prefix='${prefix}'
host_alias='arm-hisiv200-linux'
htmldir='${docdir}'
includedir='${prefix}/include'
infodir='${datarootdir}/info'
install_sh='${SHELL} /docker/opt/dsm/TVT_DVR_HI3535/hi3535_sdk/osdrv/minigui/minigui-res-be-3.0.12/install-sh'
libdir='${exec_prefix}/lib'
libexecdir='${exec_prefix}/libexec'
localedir='${datarootdir}/locale'
localstatedir='${prefix}/var'
mandir='${datarootdir}/man'
mkdir_p='/bin/mkdir -p'
oldincludedir='/usr/include'
pdfdir='${docdir}'
prefix='/docker/opt/dsm/TVT_DVR_HI3535/hi3535_sdk/osdrv/minigui/install'
program_transform_name='s,x,x,'
psdir='${docdir}'
sbindir='${exec_prefix}/sbin'
sharedstatedir='${prefix}/com'
sysconfdir='${prefix}/etc'
target_alias=''

## ----------- ##
## confdefs.h. ##
## ----------- ##

/* confdefs.h */
#define PACKAGE_NAME ""
#define PACKAGE_TARNAME ""
#define PACKAGE_VERSION ""
#define PACKAGE_STRING ""
#define PACKAGE_BUGREPORT ""
#define PACKAGE_URL ""
#define PACKAGE "minigui-res-be"
#define VERSION "3.0.12"

configure: exit 0
